[+] Containers:
 |- [+] Container: /Game/ThirdPerson/Maps/ThirdPersonMap
 |   |- [+] ActorDescs:
 |   |   |- Guid:1832918241462D26A2156BBED6A714AF BaseClass: NativeClass:/Script/NavigationSystem.RecastNavMesh Name:RecastNavMesh_UAID_04421A23BFAC226D01-Default Label:RecastNavMesh-Default SpatiallyLoaded:0 Bounds:IsValid=true, Min=(X=0.000 Y=0.000 Z=0.000), Max=(X=0.000 Y=0.000 Z=0.000) RuntimeGrid:None EditorOnly:0 RuntimeOnly:0 HLODRelevant:0
 |   |   |- Guid:251D03604E8B8FAFEEFA858063B3C0F7 BaseClass: NativeClass:/Script/Engine.StaticMeshActor Name:StaticMeshActor_UAID_50EBF679ECAA736E01_1376976560 Label:Cube2 SpatiallyLoaded:1 Bounds:IsValid=true, Min=(X=909.416 Y=1360.453 Z=82.402), Max=(X=1009.416 Y=1460.453 Z=182.402) RuntimeGrid:None EditorOnly:0 RuntimeOnly:0 HLODRelevant:1
 |   |   |- Guid:2FB58999456391D349DC0F86DAC136ED BaseClass: NativeClass:/Script/Engine.SkyLight Name:SkyLight_1 Label:SkyLight SpatiallyLoaded:0 Bounds:IsValid=true, Min=(X=0.000 Y=0.000 Z=690.000), Max=(X=0.000 Y=0.000 Z=690.000) RuntimeGrid:None EditorOnly:0 RuntimeOnly:0 HLODRelevant:0 FolderPath:Lighting FolderGuid:963EC3EB4002CCE9759E2EBA541A873A
 |   |   |- Guid:316CF2A6494ACA4C0E4180A87D36AB8F BaseClass: NativeClass:/Script/Engine.ExponentialHeightFog Name:ExponentialHeightFog_0 Label:ExponentialHeightFog SpatiallyLoaded:0 Bounds:IsValid=true, Min=(X=-5600.000 Y=-50.000 Z=-6850.000), Max=(X=-5600.000 Y=-50.000 Z=-6850.000) RuntimeGrid:None EditorOnly:0 RuntimeOnly:0 HLODRelevant:0 FolderPath:Lighting FolderGuid:963EC3EB4002CCE9759E2EBA541A873A
 |   |   |- Guid:3A00AA1C422CE54C0BDB60BAF471BFBB BaseClass: NativeClass:/Script/Engine.PlayerStart Name:PlayerStart_0 Label:PlayerStart SpatiallyLoaded:0 Bounds:IsValid=true, Min=(X=276.688 Y=1422.228 Z=88.139), Max=(X=359.380 Y=1504.920 Z=272.139) RuntimeGrid:None EditorOnly:0 RuntimeOnly:0 HLODRelevant:0
 |   |   |- Guid:4D3BE93F4146AAAC8BBE79999D96D57F BaseClass: NativeClass:/Script/Engine.VolumetricCloud Name:VolumetricCloud_0 Label:VolumetricCloud SpatiallyLoaded:0 Bounds:IsValid=true, Min=(X=0.000 Y=0.000 Z=820.000), Max=(X=0.000 Y=0.000 Z=820.000) RuntimeGrid:None EditorOnly:0 RuntimeOnly:0 HLODRelevant:0 FolderPath:Lighting FolderGuid:963EC3EB4002CCE9759E2EBA541A873A
 |   |   |- Guid:570838CA467709F519FAC1838DA60811 BaseClass: NativeClass:/Script/Engine.StaticMeshActor Name:StaticMeshActor_UAID_50EBF679ECAA736E01_1380870562 Label:Cube4 SpatiallyLoaded:1 Bounds:IsValid=true, Min=(X=1381.774 Y=672.315 Z=82.402), Max=(X=1481.774 Y=772.315 Z=182.402) RuntimeGrid:None EditorOnly:0 RuntimeOnly:0 HLODRelevant:1
 |   |   |- Guid:599A2BBC4B4E7CA4146A04985F88429B BaseClass: NativeClass:/Script/Engine.PointLight Name:PointLight_UAID_04421A23BFAC226D01_1931006260 Label:PointLight SpatiallyLoaded:1 Bounds:IsValid=true, Min=(X=-16384.000 Y=-16384.000 Z=-12374.250), Max=(X=16384.000 Y=16384.000 Z=20393.750) RuntimeGrid:None EditorOnly:0 RuntimeOnly:0 HLODRelevant:0
 |   |   |- Guid:5A41253A475E6BEBA7D3E7895004DAB4 BaseClass:/Game/CoinGame/Game/BP_TPArrow.BP_TPArrow_C NativeClass:/Script/Engine.Actor Name:BP_TPArrow_C_UAID_04421A23BFAC716D01_1829563152 Label:BP_TPArrow SpatiallyLoaded:1 Bounds:IsValid=true, Min=(X=-577.055 Y=3541.121 Z=137.975), Max=(X=-575.055 Y=3543.121 Z=139.975) RuntimeGrid:None EditorOnly:0 RuntimeOnly:0 HLODRelevant:0
 |   |   |- Guid:6BAF4DDD444C60371492D3919DB42C97 BaseClass: NativeClass:/Script/Engine.WorldDataLayers Name:WorldDataLayers Label:WorldDataLayers SpatiallyLoaded:0 Bounds:IsValid=true, Min=(X=0.000 Y=0.000 Z=0.000), Max=(X=0.000 Y=0.000 Z=0.000) RuntimeGrid:None EditorOnly:0 RuntimeOnly:0 HLODRelevant:0
 |   |   |- Guid:7328A3974E9115288771B08A5692DEA8 BaseClass: NativeClass:/Script/Engine.StaticMeshActor Name:StaticMeshActor_UAID_04421A23BFAC226D01_1851873251 Label:Cylinder SpatiallyLoaded:1 Bounds:IsValid=true, Min=(X=-50000.000 Y=-50000.000 Z=-100.000), Max=(X=50000.000 Y=50000.000 Z=0.000) RuntimeGrid:None EditorOnly:0 RuntimeOnly:0 HLODRelevant:1
 |   |   |- Guid:75EA17EC466046BE746BE6A7F0AF2D4D BaseClass: NativeClass:/Script/Engine.StaticMeshActor Name:StaticMeshActor_UAID_50EBF679ECAA736E01_1378200561 Label:Cube3 SpatiallyLoaded:1 Bounds:IsValid=true, Min=(X=909.416 Y=947.466 Z=82.402), Max=(X=1009.416 Y=1047.466 Z=182.402) RuntimeGrid:None EditorOnly:0 RuntimeOnly:0 HLODRelevant:1
 |   |   |- Guid:86F399094C6D84A00B875F94B26EC658 BaseClass:/Game/MyGame/Hook/BP_ChainShot.BP_ChainShot_C NativeClass:/Script/Engine.Actor Name:BP_ChainShot_C_UAID_50EBF679ECAA8A6E01_1254437607 Label:BP_ChainShot SpatiallyLoaded:1 Bounds:IsValid=true, Min=(X=-2203.803 Y=2020.942 Z=57.811), Max=(X=-2095.646 Y=2030.942 Z=131.553) RuntimeGrid:None EditorOnly:0 RuntimeOnly:0 HLODRelevant:0
 |   |   |- Guid:A9D92A3F450ED7A3BBE76A9AA2FC0F49 BaseClass: NativeClass:/Script/Engine.StaticMeshActor Name:StaticMeshActor_UAID_04421A23BFAC226D01_1915396257 Label:Cylinder2 SpatiallyLoaded:1 Bounds:IsValid=true, Min=(X=-250000.000 Y=-250000.000 Z=-25.000), Max=(X=250000.000 Y=250000.000 Z=25.000) RuntimeGrid:None EditorOnly:0 RuntimeOnly:0 HLODRelevant:1
 |   |   |- Guid:B785ED2844B84CFB91E7F39FE661CD99 BaseClass: NativeClass:/Script/Engine.DirectionalLight Name:DirectionalLight_0 Label:DirectionalLight SpatiallyLoaded:0 Bounds:IsValid=true, Min=(X=-1048576.000 Y=-1048576.000 Z=-1048576.000), Max=(X=1048576.000 Y=1048576.000 Z=1048576.000) RuntimeGrid:None EditorOnly:0 RuntimeOnly:0 HLODRelevant:0 FolderPath:Lighting FolderGuid:963EC3EB4002CCE9759E2EBA541A873A
 |   |   |- Guid:C4A86E794C88D66195ACA5BC6D029136 BaseClass: NativeClass:/Script/Engine.StaticMeshActor Name:StaticMeshActor_UAID_50EBF679ECAA736E01_1372372559 Label:Cube SpatiallyLoaded:1 Bounds:IsValid=true, Min=(X=1359.655 Y=1520.590 Z=97.397), Max=(X=1459.655 Y=1620.590 Z=197.397) RuntimeGrid:None EditorOnly:0 RuntimeOnly:0 HLODRelevant:1
 |   |   |- Guid:CCFF262C46EEFFDF319E7F9539CE697E BaseClass: NativeClass:/Script/Engine.SkyAtmosphere Name:SkyAtmosphere_0 Label:SkyAtmosphere SpatiallyLoaded:0 Bounds:IsValid=true, Min=(X=0.000 Y=0.000 Z=1020.000), Max=(X=0.000 Y=0.000 Z=1020.000) RuntimeGrid:None EditorOnly:0 RuntimeOnly:0 HLODRelevant:0 FolderPath:Lighting FolderGuid:963EC3EB4002CCE9759E2EBA541A873A
 |   |   |- Guid:D59C585C4A1815FC74E107B9BBC7C1A8 BaseClass: NativeClass:/Script/Engine.StaticMeshActor Name:StaticMeshActor_UAID_50EBF679ECAA866E01_1747977903 Label:Sphere SpatiallyLoaded:1 Bounds:IsValid=true, Min=(X=1687.867 Y=2549.154 Z=120.075), Max=(X=1787.867 Y=2649.154 Z=220.075) RuntimeGrid:None EditorOnly:0 RuntimeOnly:0 HLODRelevant:0
 |   |   |- Guid:EC4E0C944CE6AC6E784BC6BB2916EA13 BaseClass: NativeClass:/Script/Engine.StaticMeshActor Name:StaticMeshActor_UAID_A4AE111137DC5EFB00_1110535423 Label:SM_SkySphere SpatiallyLoaded:0 Bounds:IsValid=true, Min=(X=-1638400.000 Y=-1638400.000 Z=-1638400.000), Max=(X=1638400.000 Y=1638400.000 Z=1638400.000) RuntimeGrid:None EditorOnly:0 RuntimeOnly:0 HLODRelevant:1 FolderPath:Lighting FolderGuid:963EC3EB4002CCE9759E2EBA541A873A
 |   |   |- Guid:F56A3FF7462E7EB19491889A066D6C4C BaseClass:/Game/MyGame/AI/BP_AI.BP_AI_C NativeClass:/Script/Engine.Character Name:BP_AI_C_UAID_50EBF679ECAA876E01_1580623080 Label:BP_AI SpatiallyLoaded:1 Bounds:IsValid=true, Min=(X=3224.819 Y=2114.295 Z=25.000), Max=(X=3776.340 Y=2614.295 Z=576.399) RuntimeGrid:None EditorOnly:0 RuntimeOnly:0 HLODRelevant:0
 |   |   |- Guid:F5E3FEB3450C49844FD93DA8E083C8AD BaseClass: NativeClass:/Script/Engine.PostProcessVolume Name:PostProcessVolume_0 Label:PostProcessVolume SpatiallyLoaded:0 Bounds:IsValid=true, Min=(X=0.000 Y=0.000 Z=400.000), Max=(X=200.000 Y=200.000 Z=600.000) RuntimeGrid:None EditorOnly:0 RuntimeOnly:0 HLODRelevant:0 FolderPath:Lighting FolderGuid:963EC3EB4002CCE9759E2EBA541A873A
 |   |   |- Guid:FA671B5543BB23A78CD6B08D850D4F2F BaseClass: NativeClass:/Script/NavigationSystem.NavMeshBoundsVolume Name:NavMeshBoundsVolume_UAID_04421A23BFAC226D01_1915395256 Label:NavMeshBoundsVolume SpatiallyLoaded:0 Bounds:IsValid=true, Min=(X=-12749.134 Y=-9137.524 Z=-7691.958), Max=(X=7250.866 Y=10862.476 Z=12308.042) RuntimeGrid:None EditorOnly:0 RuntimeOnly:0 HLODRelevant:0
 |   |- [+] Clusters:
 |   |   |- [+] [  0]
 |   |   |   |- Guid:6BAF4DDD444C60371492D3919DB42C97 BaseClass: NativeClass:/Script/Engine.WorldDataLayers Name:WorldDataLayers Label:WorldDataLayers SpatiallyLoaded:0 Bounds:IsValid=true, Min=(X=0.000 Y=0.000 Z=0.000), Max=(X=0.000 Y=0.000 Z=0.000) RuntimeGrid:None EditorOnly:0 RuntimeOnly:0 HLODRelevant:0
 |   |   |- [+] [  1]
 |   |   |   |- Guid:C4A86E794C88D66195ACA5BC6D029136 BaseClass: NativeClass:/Script/Engine.StaticMeshActor Name:StaticMeshActor_UAID_50EBF679ECAA736E01_1372372559 Label:Cube SpatiallyLoaded:1 Bounds:IsValid=true, Min=(X=1359.655 Y=1520.590 Z=97.397), Max=(X=1459.655 Y=1620.590 Z=197.397) RuntimeGrid:None EditorOnly:0 RuntimeOnly:0 HLODRelevant:1
 |   |   |- [+] [  2]
 |   |   |   |- Guid:1832918241462D26A2156BBED6A714AF BaseClass: NativeClass:/Script/NavigationSystem.RecastNavMesh Name:RecastNavMesh_UAID_04421A23BFAC226D01-Default Label:RecastNavMesh-Default SpatiallyLoaded:0 Bounds:IsValid=true, Min=(X=0.000 Y=0.000 Z=0.000), Max=(X=0.000 Y=0.000 Z=0.000) RuntimeGrid:None EditorOnly:0 RuntimeOnly:0 HLODRelevant:0
 |   |   |- [+] [  3]
 |   |   |   |- Guid:F5E3FEB3450C49844FD93DA8E083C8AD BaseClass: NativeClass:/Script/Engine.PostProcessVolume Name:PostProcessVolume_0 Label:PostProcessVolume SpatiallyLoaded:0 Bounds:IsValid=true, Min=(X=0.000 Y=0.000 Z=400.000), Max=(X=200.000 Y=200.000 Z=600.000) RuntimeGrid:None EditorOnly:0 RuntimeOnly:0 HLODRelevant:0 FolderPath:Lighting FolderGuid:963EC3EB4002CCE9759E2EBA541A873A
 |   |   |- [+] [  4]
 |   |   |   |- Guid:75EA17EC466046BE746BE6A7F0AF2D4D BaseClass: NativeClass:/Script/Engine.StaticMeshActor Name:StaticMeshActor_UAID_50EBF679ECAA736E01_1378200561 Label:Cube3 SpatiallyLoaded:1 Bounds:IsValid=true, Min=(X=909.416 Y=947.466 Z=82.402), Max=(X=1009.416 Y=1047.466 Z=182.402) RuntimeGrid:None EditorOnly:0 RuntimeOnly:0 HLODRelevant:1
 |   |   |- [+] [  5]
 |   |   |   |- Guid:599A2BBC4B4E7CA4146A04985F88429B BaseClass: NativeClass:/Script/Engine.PointLight Name:PointLight_UAID_04421A23BFAC226D01_1931006260 Label:PointLight SpatiallyLoaded:1 Bounds:IsValid=true, Min=(X=-16384.000 Y=-16384.000 Z=-12374.250), Max=(X=16384.000 Y=16384.000 Z=20393.750) RuntimeGrid:None EditorOnly:0 RuntimeOnly:0 HLODRelevant:0
 |   |   |- [+] [  6]
 |   |   |   |- Guid:5A41253A475E6BEBA7D3E7895004DAB4 BaseClass:/Game/CoinGame/Game/BP_TPArrow.BP_TPArrow_C NativeClass:/Script/Engine.Actor Name:BP_TPArrow_C_UAID_04421A23BFAC716D01_1829563152 Label:BP_TPArrow SpatiallyLoaded:1 Bounds:IsValid=true, Min=(X=-577.055 Y=3541.121 Z=137.975), Max=(X=-575.055 Y=3543.121 Z=139.975) RuntimeGrid:None EditorOnly:0 RuntimeOnly:0 HLODRelevant:0
 |   |   |- [+] [  7]
 |   |   |   |- Guid:A9D92A3F450ED7A3BBE76A9AA2FC0F49 BaseClass: NativeClass:/Script/Engine.StaticMeshActor Name:StaticMeshActor_UAID_04421A23BFAC226D01_1915396257 Label:Cylinder2 SpatiallyLoaded:1 Bounds:IsValid=true, Min=(X=-250000.000 Y=-250000.000 Z=-25.000), Max=(X=250000.000 Y=250000.000 Z=25.000) RuntimeGrid:None EditorOnly:0 RuntimeOnly:0 HLODRelevant:1
 |   |   |- [+] [  8]
 |   |   |   |- Guid:7328A3974E9115288771B08A5692DEA8 BaseClass: NativeClass:/Script/Engine.StaticMeshActor Name:StaticMeshActor_UAID_04421A23BFAC226D01_1851873251 Label:Cylinder SpatiallyLoaded:1 Bounds:IsValid=true, Min=(X=-50000.000 Y=-50000.000 Z=-100.000), Max=(X=50000.000 Y=50000.000 Z=0.000) RuntimeGrid:None EditorOnly:0 RuntimeOnly:0 HLODRelevant:1
 |   |   |- [+] [  9]
 |   |   |   |- Guid:4D3BE93F4146AAAC8BBE79999D96D57F BaseClass: NativeClass:/Script/Engine.VolumetricCloud Name:VolumetricCloud_0 Label:VolumetricCloud SpatiallyLoaded:0 Bounds:IsValid=true, Min=(X=0.000 Y=0.000 Z=820.000), Max=(X=0.000 Y=0.000 Z=820.000) RuntimeGrid:None EditorOnly:0 RuntimeOnly:0 HLODRelevant:0 FolderPath:Lighting FolderGuid:963EC3EB4002CCE9759E2EBA541A873A
 |   |   |- [+] [ 10]
 |   |   |   |- Guid:CCFF262C46EEFFDF319E7F9539CE697E BaseClass: NativeClass:/Script/Engine.SkyAtmosphere Name:SkyAtmosphere_0 Label:SkyAtmosphere SpatiallyLoaded:0 Bounds:IsValid=true, Min=(X=0.000 Y=0.000 Z=1020.000), Max=(X=0.000 Y=0.000 Z=1020.000) RuntimeGrid:None EditorOnly:0 RuntimeOnly:0 HLODRelevant:0 FolderPath:Lighting FolderGuid:963EC3EB4002CCE9759E2EBA541A873A
 |   |   |- [+] [ 11]
 |   |   |   |- Guid:EC4E0C944CE6AC6E784BC6BB2916EA13 BaseClass: NativeClass:/Script/Engine.StaticMeshActor Name:StaticMeshActor_UAID_A4AE111137DC5EFB00_1110535423 Label:SM_SkySphere SpatiallyLoaded:0 Bounds:IsValid=true, Min=(X=-1638400.000 Y=-1638400.000 Z=-1638400.000), Max=(X=1638400.000 Y=1638400.000 Z=1638400.000) RuntimeGrid:None EditorOnly:0 RuntimeOnly:0 HLODRelevant:1 FolderPath:Lighting FolderGuid:963EC3EB4002CCE9759E2EBA541A873A
 |   |   |- [+] [ 12]
 |   |   |   |- Guid:B785ED2844B84CFB91E7F39FE661CD99 BaseClass: NativeClass:/Script/Engine.DirectionalLight Name:DirectionalLight_0 Label:DirectionalLight SpatiallyLoaded:0 Bounds:IsValid=true, Min=(X=-1048576.000 Y=-1048576.000 Z=-1048576.000), Max=(X=1048576.000 Y=1048576.000 Z=1048576.000) RuntimeGrid:None EditorOnly:0 RuntimeOnly:0 HLODRelevant:0 FolderPath:Lighting FolderGuid:963EC3EB4002CCE9759E2EBA541A873A
 |   |   |- [+] [ 13]
 |   |   |   |- Guid:570838CA467709F519FAC1838DA60811 BaseClass: NativeClass:/Script/Engine.StaticMeshActor Name:StaticMeshActor_UAID_50EBF679ECAA736E01_1380870562 Label:Cube4 SpatiallyLoaded:1 Bounds:IsValid=true, Min=(X=1381.774 Y=672.315 Z=82.402), Max=(X=1481.774 Y=772.315 Z=182.402) RuntimeGrid:None EditorOnly:0 RuntimeOnly:0 HLODRelevant:1
 |   |   |- [+] [ 14]
 |   |   |   |- Guid:316CF2A6494ACA4C0E4180A87D36AB8F BaseClass: NativeClass:/Script/Engine.ExponentialHeightFog Name:ExponentialHeightFog_0 Label:ExponentialHeightFog SpatiallyLoaded:0 Bounds:IsValid=true, Min=(X=-5600.000 Y=-50.000 Z=-6850.000), Max=(X=-5600.000 Y=-50.000 Z=-6850.000) RuntimeGrid:None EditorOnly:0 RuntimeOnly:0 HLODRelevant:0 FolderPath:Lighting FolderGuid:963EC3EB4002CCE9759E2EBA541A873A
 |   |   |- [+] [ 15]
 |   |   |   |- Guid:2FB58999456391D349DC0F86DAC136ED BaseClass: NativeClass:/Script/Engine.SkyLight Name:SkyLight_1 Label:SkyLight SpatiallyLoaded:0 Bounds:IsValid=true, Min=(X=0.000 Y=0.000 Z=690.000), Max=(X=0.000 Y=0.000 Z=690.000) RuntimeGrid:None EditorOnly:0 RuntimeOnly:0 HLODRelevant:0 FolderPath:Lighting FolderGuid:963EC3EB4002CCE9759E2EBA541A873A
 |   |   |- [+] [ 16]
 |   |   |   |- Guid:F56A3FF7462E7EB19491889A066D6C4C BaseClass:/Game/MyGame/AI/BP_AI.BP_AI_C NativeClass:/Script/Engine.Character Name:BP_AI_C_UAID_50EBF679ECAA876E01_1580623080 Label:BP_AI SpatiallyLoaded:1 Bounds:IsValid=true, Min=(X=3224.819 Y=2114.295 Z=25.000), Max=(X=3776.340 Y=2614.295 Z=576.399) RuntimeGrid:None EditorOnly:0 RuntimeOnly:0 HLODRelevant:0
 |   |   |- [+] [ 17]
 |   |   |   |- Guid:D59C585C4A1815FC74E107B9BBC7C1A8 BaseClass: NativeClass:/Script/Engine.StaticMeshActor Name:StaticMeshActor_UAID_50EBF679ECAA866E01_1747977903 Label:Sphere SpatiallyLoaded:1 Bounds:IsValid=true, Min=(X=1687.867 Y=2549.154 Z=120.075), Max=(X=1787.867 Y=2649.154 Z=220.075) RuntimeGrid:None EditorOnly:0 RuntimeOnly:0 HLODRelevant:0
 |   |   |- [+] [ 18]
 |   |   |   |- Guid:FA671B5543BB23A78CD6B08D850D4F2F BaseClass: NativeClass:/Script/NavigationSystem.NavMeshBoundsVolume Name:NavMeshBoundsVolume_UAID_04421A23BFAC226D01_1915395256 Label:NavMeshBoundsVolume SpatiallyLoaded:0 Bounds:IsValid=true, Min=(X=-12749.134 Y=-9137.524 Z=-7691.958), Max=(X=7250.866 Y=10862.476 Z=12308.042) RuntimeGrid:None EditorOnly:0 RuntimeOnly:0 HLODRelevant:0
 |   |   |- [+] [ 19]
 |   |   |   |- Guid:3A00AA1C422CE54C0BDB60BAF471BFBB BaseClass: NativeClass:/Script/Engine.PlayerStart Name:PlayerStart_0 Label:PlayerStart SpatiallyLoaded:0 Bounds:IsValid=true, Min=(X=276.688 Y=1422.228 Z=88.139), Max=(X=359.380 Y=1504.920 Z=272.139) RuntimeGrid:None EditorOnly:0 RuntimeOnly:0 HLODRelevant:0
 |   |   |- [+] [ 20]
 |   |   |   |- Guid:251D03604E8B8FAFEEFA858063B3C0F7 BaseClass: NativeClass:/Script/Engine.StaticMeshActor Name:StaticMeshActor_UAID_50EBF679ECAA736E01_1376976560 Label:Cube2 SpatiallyLoaded:1 Bounds:IsValid=true, Min=(X=909.416 Y=1360.453 Z=82.402), Max=(X=1009.416 Y=1460.453 Z=182.402) RuntimeGrid:None EditorOnly:0 RuntimeOnly:0 HLODRelevant:1
 |   |   |- [+] [ 21]
 |   |   |   |- Guid:86F399094C6D84A00B875F94B26EC658 BaseClass:/Game/MyGame/Hook/BP_ChainShot.BP_ChainShot_C NativeClass:/Script/Engine.Actor Name:BP_ChainShot_C_UAID_50EBF679ECAA8A6E01_1254437607 Label:BP_ChainShot SpatiallyLoaded:1 Bounds:IsValid=true, Min=(X=-2203.803 Y=2020.942 Z=57.811), Max=(X=-2095.646 Y=2030.942 Z=131.553) RuntimeGrid:None EditorOnly:0 RuntimeOnly:0 HLODRelevant:0
 |- ContainerInstances:
 |- [+] MainContainer:
 |   |-        ID: 0x0000000000000000
 |   |-    Bounds: IsValid=false, Min=(X=0.000 Y=0.000 Z=0.000), Max=(X=0.000 Y=0.000 Z=0.000)
 |   |- Transform: 0.000000,0.000000,0.000000|0.000000,0.000000,-0.000000|1.000000,1.000000,1.000000
 |   |- Container: /Game/ThirdPerson/Maps/ThirdPersonMap
----------------------------------------------------------------------------------------------------------------
ThirdPersonMap - Persistent Level
----------------------------------------------------------------------------------------------------------------
Always loaded Actor Count: 30 

----------------------------------------------------------------------------------------------------------------
ThirdPersonMap - Runtime Spatial Hash - Streaming Grid - MainGrid
----------------------------------------------------------------------------------------------------------------
            Origin: X=0.000 Y=0.000 Z=0.000
         Cell Size: 12800
      World Bounds: IsValid=false, Min=(X=0.000 Y=0.000 Z=0.000), Max=(X=0.000 Y=0.000 Z=0.000)
     Loading Range: 25600.00
Block Slow Loading: No
 ClientOnlyVisible: No

[+] Grid Levels: 1
 |- Level  0: Cell Count    0 | Cell Size   12800 | Actor Count    0 (0.0%)

[+] Content of Grid Level 0

